<?xml version="1.0" encoding="UTF-8"?>
<!-- Generated by org.testng.reporters.JUnitXMLReporter -->
<testsuite ignored="0" hostname="DESKTOP-AOG0LO8" failures="0" tests="3" name="Test" time="7.748" errors="0" timestamp="15 Dec 2023 14:00:20 GMT">
  <testcase classname="org.doximotest.DataPro" name="tc1" time="7.666"/>
  <testcase classname="org.doximotest.DataPro" name="tc2" time="0.0">
    <skipped/>
  </testcase> <!-- tc2 -->
  <testcase classname="org.doximotest.ProV" name="tc1" time="0.0">
    <skipped/>
  </testcase> <!-- tc1 -->
</testsuite> <!-- Test -->
