<?xml version="1.0" encoding="UTF-8"?>
<!-- Generated by org.testng.reporters.JUnitXMLReporter -->
<testsuite ignored="1" hostname="DESKTOP-AOG0LO8" failures="3" tests="3" name="Test(failed)" time="0.063" errors="0" timestamp="13 Dec 2023 01:27:35 GMT">
  <testcase classname="org.doximotest.DataPro" name="tc2" time="0.011">
    <failure type="java.lang.NullPointerException">
      <![CDATA[java.lang.NullPointerException
	at org.doximotest.DataPro.tc2(DataPro.java:23)
... Removed 25 stack frames]]>
    </failure>
  </testcase> <!-- tc2 -->
  <testcase classname="org.doximotest.DataPro" name="tc2" time="0.001">
    <failure type="java.lang.NullPointerException">
      <![CDATA[java.lang.NullPointerException
	at org.doximotest.DataPro.tc2(DataPro.java:23)
... Removed 25 stack frames]]>
    </failure>
  </testcase> <!-- tc2 -->
  <testcase classname="org.doximotest.DataPro" name="tc2" time="0.001">
    <failure type="java.lang.NullPointerException">
      <![CDATA[java.lang.NullPointerException
	at org.doximotest.DataPro.tc2(DataPro.java:23)
... Removed 25 stack frames]]>
    </failure>
  </testcase> <!-- tc2 -->
  <testcase classname="org.doximotest.DataPro" name="tc1" time="0.0">
    <ignored/>
  </testcase> <!-- tc1 -->
</testsuite> <!-- Test(failed) -->
