<?xml version="1.0" encoding="UTF-8"?>
<testng-results ignored="0" total="1" passed="1" failed="0" skipped="0">
  <reporter-output>
  </reporter-output>
  <suite started-at="2023-12-22T08:48:12Z" name="Default suite" finished-at="2023-12-22T08:48:19Z" duration-ms="7386">
    <groups>
    </groups>
    <test started-at="2023-12-22T08:48:12Z" name="Default test" finished-at="2023-12-22T08:48:19Z" duration-ms="7386">
      <class name="org.doximotest.FaceBook">
        <test-method signature="tc1(java.lang.String, java.lang.String)[pri:0, instance:org.doximotest.FaceBook@76ed1b7c]" started-at="2023-12-22T14:18:12Z" name="tc1" finished-at="2023-12-22T14:18:19Z" duration-ms="7323" status="PASS">
          <params>
            <param index="0">
              <value>
                <![CDATA[xyz@bgg.com]]>
              </value>
            </param>
            <param index="1">
              <value>
                <![CDATA[2356]]>
              </value>
            </param>
          </params>
          <reporter-output>
          </reporter-output>
        </test-method> <!-- tc1 -->
      </class> <!-- org.doximotest.FaceBook -->
    </test> <!-- Default test -->
  </suite> <!-- Default suite -->
</testng-results>
